2023-03-28 16:34:51,134 INFO [apiautotest] [driver.py (get_by:159] - 元素的定位策略是('-android uiautomator', 'text("同意")')
2023-03-28 16:34:51,330 INFO [apiautotest] [driver.py (click:77] - 元素{'name': '同意按钮', 'type': 'uiautomator', 'value': 'text("同意")'}点击成功
2023-03-28 16:34:51,331 INFO [apiautotest] [driver.py (get_by:159] - 元素的定位策略是('-android uiautomator', 'text("进入首页")')
2023-03-28 16:35:08,096 INFO [apiautotest] [driver.py (click:77] - 元素{'name': '进入首页', 'type': 'uiautomator', 'value': 'text("进入首页")'}点击成功
2023-03-28 16:35:08,096 INFO [apiautotest] [driver.py (get_by:159] - 元素的定位策略是('xpath', "//*[@text='帐号密码登录']")
2023-03-28 16:35:09,591 INFO [apiautotest] [driver.py (click:77] - 元素{'name': '帐号密码登录', 'type': 'xpath', 'value': "//*[@text='帐号密码登录']"}点击成功
2023-03-28 16:35:09,591 INFO [apiautotest] [driver.py (get_by:159] - 元素的定位策略是('id', 'com.douban.frodo:id/input_user_name')
2023-03-28 16:35:10,511 INFO [apiautotest] [driver.py (find_element:53] - 查找{'name': '输入用户名', 'type': 'id', 'value': 'com.douban.frodo:id/input_user_name'}元素成功
2023-03-28 16:35:11,610 INFO [apiautotest] [driver.py (send_keys:86] - 元素{'name': '输入用户名', 'type': 'id', 'value': 'com.douban.frodo:id/input_user_name'}输入文本内容18812341234成功
2023-03-28 16:35:11,610 INFO [apiautotest] [driver.py (get_by:159] - 元素的定位策略是('-android uiautomator', 'resourceId("com.douban.frodo:id/input_password")')
2023-03-28 16:35:12,125 INFO [apiautotest] [driver.py (find_element:53] - 查找{'name': '输入密码', 'type': 'uiautomator', 'value': 'resourceId("com.douban.frodo:id/input_password")'}元素成功
2023-03-28 16:35:12,773 INFO [apiautotest] [driver.py (send_keys:86] - 元素{'name': '输入密码', 'type': 'uiautomator', 'value': 'resourceId("com.douban.frodo:id/input_password")'}输入文本内容mima成功
2023-03-28 16:35:12,773 INFO [apiautotest] [driver.py (get_by:159] - 元素的定位策略是('-android uiautomator', 'text("登录")')
2023-03-28 16:35:13,309 INFO [apiautotest] [driver.py (click:77] - 元素{'name': '登录按钮', 'type': 'uiautomator', 'value': 'text("登录")'}点击成功
2023-03-28 16:35:33,459 WARNING [apiautotest] [driver.py (page_contains:107] - 元素源码中不包含首页文本，报错信息不包含Message: 

2023-03-28 16:35:34,084 INFO [apiautotest] [driver.py (get_screenshot_as_png:179] - 截图成功
2023-03-28 16:35:35,917 INFO [apiautotest] [driver.py (quit:113] - driver退出成功
2023-03-28 16:41:07,586 INFO [apiautotest] [driver.py (get_by:159] - 元素的定位策略是('-android uiautomator', 'text("同意")')
2023-03-28 16:41:08,471 INFO [apiautotest] [driver.py (get_screenshot_as_file:188] - 截图并保存成功
2023-03-28 16:41:08,549 INFO [apiautotest] [driver.py (click:77] - 元素{'name': '同意按钮', 'type': 'uiautomator', 'value': 'text("同意")'}点击成功
2023-03-28 16:41:08,550 INFO [apiautotest] [driver.py (get_by:159] - 元素的定位策略是('-android uiautomator', 'text("进入首页")')
2023-03-28 16:41:26,901 INFO [apiautotest] [driver.py (get_screenshot_as_file:188] - 截图并保存成功
2023-03-28 16:41:26,921 INFO [apiautotest] [driver.py (click:77] - 元素{'name': '进入首页', 'type': 'uiautomator', 'value': 'text("进入首页")'}点击成功
2023-03-28 16:41:26,921 INFO [apiautotest] [driver.py (get_by:159] - 元素的定位策略是('xpath', "//*[@text='帐号密码登录']")
2023-03-28 16:41:29,838 INFO [apiautotest] [driver.py (get_screenshot_as_file:188] - 截图并保存成功
2023-03-28 16:41:29,855 INFO [apiautotest] [driver.py (click:77] - 元素{'name': '帐号密码登录', 'type': 'xpath', 'value': "//*[@text='帐号密码登录']"}点击成功
2023-03-28 16:41:29,855 INFO [apiautotest] [driver.py (get_by:159] - 元素的定位策略是('id', 'com.douban.frodo:id/input_user_name')
2023-03-28 16:41:31,047 INFO [apiautotest] [driver.py (find_element:53] - 查找{'name': '输入用户名', 'type': 'id', 'value': 'com.douban.frodo:id/input_user_name'}元素成功
2023-03-28 16:41:31,574 INFO [apiautotest] [driver.py (get_screenshot_as_file:188] - 截图并保存成功
2023-03-28 16:41:32,631 INFO [apiautotest] [driver.py (send_keys:86] - 元素{'name': '输入用户名', 'type': 'id', 'value': 'com.douban.frodo:id/input_user_name'}输入文本内容18812341234成功
2023-03-28 16:41:32,632 INFO [apiautotest] [driver.py (get_by:159] - 元素的定位策略是('-android uiautomator', 'resourceId("com.douban.frodo:id/input_password")')
2023-03-28 16:41:33,015 INFO [apiautotest] [driver.py (get_screenshot_as_file:188] - 截图并保存成功
2023-03-28 16:41:33,141 INFO [apiautotest] [driver.py (find_element:53] - 查找{'name': '输入密码', 'type': 'uiautomator', 'value': 'resourceId("com.douban.frodo:id/input_password")'}元素成功
2023-03-28 16:41:33,797 INFO [apiautotest] [driver.py (send_keys:86] - 元素{'name': '输入密码', 'type': 'uiautomator', 'value': 'resourceId("com.douban.frodo:id/input_password")'}输入文本内容mima成功
2023-03-28 16:41:33,797 INFO [apiautotest] [driver.py (get_by:159] - 元素的定位策略是('-android uiautomator', 'text("登录")')
2023-03-28 16:41:34,311 INFO [apiautotest] [driver.py (get_screenshot_as_file:188] - 截图并保存成功
2023-03-28 16:41:34,370 INFO [apiautotest] [driver.py (click:77] - 元素{'name': '登录按钮', 'type': 'uiautomator', 'value': 'text("登录")'}点击成功
2023-03-28 16:41:35,046 INFO [apiautotest] [driver.py (get_screenshot_as_file:188] - 截图并保存成功
2023-03-28 16:41:35,707 INFO [apiautotest] [driver.py (get_screenshot_as_file:188] - 截图并保存成功
2023-03-28 16:41:36,377 INFO [apiautotest] [driver.py (get_screenshot_as_file:188] - 截图并保存成功
2023-03-28 16:41:37,100 INFO [apiautotest] [driver.py (get_screenshot_as_file:188] - 截图并保存成功
2023-03-28 16:41:37,824 INFO [apiautotest] [driver.py (get_screenshot_as_file:188] - 截图并保存成功
2023-03-28 16:41:38,626 INFO [apiautotest] [driver.py (get_screenshot_as_file:188] - 截图并保存成功
2023-03-28 16:41:39,305 INFO [apiautotest] [driver.py (get_screenshot_as_file:188] - 截图并保存成功
2023-03-28 16:41:40,053 INFO [apiautotest] [driver.py (get_screenshot_as_file:188] - 截图并保存成功
2023-03-28 16:41:40,718 INFO [apiautotest] [driver.py (get_screenshot_as_file:188] - 截图并保存成功
2023-03-28 16:41:41,330 INFO [apiautotest] [driver.py (get_screenshot_as_file:188] - 截图并保存成功
2023-03-28 16:41:41,935 INFO [apiautotest] [driver.py (get_screenshot_as_file:188] - 截图并保存成功
2023-03-28 16:41:42,763 INFO [apiautotest] [driver.py (get_screenshot_as_file:188] - 截图并保存成功
2023-03-28 16:41:43,606 INFO [apiautotest] [driver.py (get_screenshot_as_file:188] - 截图并保存成功
2023-03-28 16:41:44,420 INFO [apiautotest] [driver.py (get_screenshot_as_file:188] - 截图并保存成功
2023-03-28 16:41:45,090 INFO [apiautotest] [driver.py (get_screenshot_as_file:188] - 截图并保存成功
2023-03-28 16:41:45,820 INFO [apiautotest] [driver.py (get_screenshot_as_file:188] - 截图并保存成功
2023-03-28 16:41:46,424 INFO [apiautotest] [driver.py (get_screenshot_as_file:188] - 截图并保存成功
2023-03-28 16:41:47,158 INFO [apiautotest] [driver.py (get_screenshot_as_file:188] - 截图并保存成功
2023-03-28 16:41:47,738 INFO [apiautotest] [driver.py (get_screenshot_as_file:188] - 截图并保存成功
2023-03-28 16:41:48,394 INFO [apiautotest] [driver.py (get_screenshot_as_file:188] - 截图并保存成功
2023-03-28 16:41:49,090 INFO [apiautotest] [driver.py (get_screenshot_as_file:188] - 截图并保存成功
2023-03-28 16:41:49,676 INFO [apiautotest] [driver.py (get_screenshot_as_file:188] - 截图并保存成功
2023-03-28 16:41:50,295 INFO [apiautotest] [driver.py (get_screenshot_as_file:188] - 截图并保存成功
2023-03-28 16:41:50,887 INFO [apiautotest] [driver.py (get_screenshot_as_file:188] - 截图并保存成功
2023-03-28 16:41:51,452 INFO [apiautotest] [driver.py (get_screenshot_as_file:188] - 截图并保存成功
2023-03-28 16:41:52,018 INFO [apiautotest] [driver.py (get_screenshot_as_file:188] - 截图并保存成功
2023-03-28 16:41:52,689 INFO [apiautotest] [driver.py (get_screenshot_as_file:188] - 截图并保存成功
2023-03-28 16:41:54,263 INFO [apiautotest] [driver.py (get_screenshot_as_file:188] - 截图并保存成功
2023-03-28 16:41:54,851 WARNING [apiautotest] [driver.py (page_contains:107] - 元素源码中不包含首页文本，报错信息不包含Message: 

2023-03-28 16:41:54,910 INFO [apiautotest] [driver.py (get_screenshot_as_file:188] - 截图并保存成功
2023-03-28 16:41:55,543 INFO [apiautotest] [driver.py (get_screenshot_as_file:188] - 截图并保存成功
2023-03-28 16:41:55,866 INFO [apiautotest] [driver.py (get_screenshot_as_png:179] - 截图成功
2023-03-28 16:41:56,227 INFO [apiautotest] [driver.py (get_screenshot_as_file:188] - 截图并保存成功
2023-03-28 16:41:56,785 INFO [apiautotest] [driver.py (get_screenshot_as_file:188] - 截图并保存成功
2023-03-28 16:41:57,352 INFO [apiautotest] [driver.py (get_screenshot_as_file:188] - 截图并保存成功
2023-03-28 16:41:57,918 INFO [apiautotest] [driver.py (get_screenshot_as_file:188] - 截图并保存成功
2023-03-28 16:41:58,539 INFO [apiautotest] [driver.py (get_screenshot_as_file:188] - 截图并保存成功
2023-03-28 16:41:59,132 INFO [apiautotest] [driver.py (get_screenshot_as_file:188] - 截图并保存成功
2023-03-28 16:41:59,694 INFO [apiautotest] [driver.py (get_screenshot_as_file:188] - 截图并保存成功
2023-03-28 16:42:00,424 INFO [apiautotest] [driver.py (get_screenshot_as_file:188] - 截图并保存成功
2023-03-28 16:42:01,048 INFO [apiautotest] [driver.py (get_screenshot_as_file:188] - 截图并保存成功
2023-03-28 16:42:01,684 INFO [apiautotest] [driver.py (get_screenshot_as_file:188] - 截图并保存成功
2023-03-28 16:42:02,305 INFO [apiautotest] [driver.py (get_screenshot_as_file:188] - 截图并保存成功
2023-03-28 16:42:02,911 INFO [apiautotest] [driver.py (get_screenshot_as_file:188] - 截图并保存成功
2023-03-28 16:42:03,590 INFO [apiautotest] [driver.py (get_screenshot_as_file:188] - 截图并保存成功
2023-03-28 16:42:04,141 INFO [apiautotest] [driver.py (get_screenshot_as_file:188] - 截图并保存成功
2023-03-28 16:42:13,055 INFO [apiautotest] [driver.py (get_screenshot_as_file:188] - 截图并保存成功
2023-03-28 16:42:23,021 INFO [apiautotest] [driver.py (get_screenshot_as_file:188] - 截图并保存成功
2023-03-28 16:42:23,774 INFO [apiautotest] [driver.py (get_screenshot_as_file:188] - 截图并保存成功
2023-03-28 16:42:24,450 INFO [apiautotest] [driver.py (get_screenshot_as_file:188] - 截图并保存成功
2023-03-28 16:42:25,112 INFO [apiautotest] [driver.py (get_screenshot_as_file:188] - 截图并保存成功
2023-03-28 16:42:25,364 ERROR [apiautotest] [driver.py (get_screenshot_as_file:190] - 截图并保存失败，报错信息为Message: A session is either terminated or not started

2023-03-28 16:42:26,985 INFO [apiautotest] [driver.py (quit:113] - driver退出成功
